{"target": 0.9921641244573397, "params": {"max_depth": 13.618375267050153, "max_features": 0.6592757851648089, "min_samples_leaf": 2.750910956028458, "min_samples_split": 20.06324742541669, "n_estimators": 1669.9637121782052}, "datetime": {"datetime": "2020-09-08 16:42:50", "elapsed": 0.0, "delta": 0.0}}
{"target": 0.9923342450888889, "params": {"max_depth": 17.26666723771887, "max_features": 0.34854136537364394, "min_samples_leaf": 4.207488710140077, "min_samples_split": 24.03720513472522, "n_estimators": 1813.898952113142}, "datetime": {"datetime": "2020-09-08 17:02:07", "elapsed": 1157.001049, "delta": 1157.001049}}
{"target": 0.9932320955858349, "params": {"max_depth": 21.101777148104, "max_features": 0.5503946178455894, "min_samples_leaf": 3.733851740688545, "min_samples_split": 18.392146620606706, "n_estimators": 1055.3761321855923}, "datetime": {"datetime": "2020-09-08 17:20:19", "elapsed": 2248.089739, "delta": 1091.08869}}
{"target": 0.993407097126981, "params": {"max_depth": 30.253828372953123, "max_features": 0.552271765611721, "min_samples_leaf": 1.055073798362729, "min_samples_split": 19.775012297084604, "n_estimators": 1823.961785954175}, "datetime": {"datetime": "2020-09-08 17:51:34", "elapsed": 4123.133149, "delta": 1875.04341}}
{"target": 0.9935621528114899, "params": {"max_depth": 21.41986927556175, "max_features": 0.6532411644117109, "min_samples_leaf": 1.3015249665719062, "min_samples_split": 10.482952138045414, "n_estimators": 1899.7101529737824}, "datetime": {"datetime": "2020-09-08 18:27:21", "elapsed": 6270.192388, "delta": 2147.059239}}
{"target": 0.9935729179112416, "params": {"max_depth": 49.09908259561231, "max_features": 0.6610199266260687, "min_samples_leaf": 2.5233979791812646, "min_samples_split": 3.740835900525487, "n_estimators": 511.968794082463}, "datetime": {"datetime": "2020-09-08 18:37:13", "elapsed": 6862.814751, "delta": 592.622363}}
{"target": 0.9719799931629352, "params": {"max_depth": 6.115283460032872, "max_features": 0.5957603910607258, "min_samples_leaf": 1.0198924772632796, "min_samples_split": 23.105691402901307, "n_estimators": 504.28873447683753}, "datetime": {"datetime": "2020-09-08 18:41:37", "elapsed": 7126.252962, "delta": 263.438211}}
{"target": 0.9934602369661865, "params": {"max_depth": 49.26102339381207, "max_features": 0.7659191538801716, "min_samples_leaf": 3.3577931739614852, "min_samples_split": 2.202691403766749, "n_estimators": 1465.7619515139888}, "datetime": {"datetime": "2020-09-08 19:12:07", "elapsed": 8956.382082, "delta": 1830.12912}}
{"target": 0.9897332509029843, "params": {"max_depth": 48.4171148706259, "max_features": 0.1268371238291146, "min_samples_leaf": 3.997469263890478, "min_samples_split": 2.1152358307317303, "n_estimators": 798.4323148023259}, "datetime": {"datetime": "2020-09-08 19:16:06", "elapsed": 9195.074329, "delta": 238.692247}}
{"target": 0.9932165380306347, "params": {"max_depth": 39.49511329380944, "max_features": 0.7975915840624432, "min_samples_leaf": 1.9495757879780338, "min_samples_split": 24.766893335157913, "n_estimators": 1997.9707435056189}, "datetime": {"datetime": "2020-09-08 20:01:02", "elapsed": 11891.138437, "delta": 2696.064108}}
{"target": 0.9912230133769627, "params": {"max_depth": 48.33487777196399, "max_features": 0.16659909527694772, "min_samples_leaf": 1.7527236552628147, "min_samples_split": 24.373122268761264, "n_estimators": 1145.0199831427522}, "datetime": {"datetime": "2020-09-08 20:07:54", "elapsed": 12303.618663, "delta": 412.480226}}
{"target": 0.9719462812551132, "params": {"max_depth": 6.334106288337348, "max_features": 0.827508047998102, "min_samples_leaf": 1.1808985875716491, "min_samples_split": 2.043917796610843, "n_estimators": 1164.7812661396279}, "datetime": {"datetime": "2020-09-08 20:22:12", "elapsed": 13162.018194, "delta": 858.399531}}
{"target": 0.9933334899395339, "params": {"max_depth": 48.4052676927252, "max_features": 0.48829185301498157, "min_samples_leaf": 4.509922655598523, "min_samples_split": 3.733881301642479, "n_estimators": 1709.3964461729304}, "datetime": {"datetime": "2020-09-08 20:47:18", "elapsed": 14667.05115, "delta": 1505.032956}}
{"target": 0.9931372030886298, "params": {"max_depth": 49.67154085786643, "max_features": 0.6000738607677727, "min_samples_leaf": 3.2876786673973952, "min_samples_split": 24.99151285393862, "n_estimators": 638.7620693938279}, "datetime": {"datetime": "2020-09-08 20:58:28", "elapsed": 15337.389182, "delta": 670.338032}}
{"target": 0.9930987992168121, "params": {"max_depth": 48.88307681484265, "max_features": 0.7956058178202974, "min_samples_leaf": 3.384404482809425, "min_samples_split": 24.44355980635887, "n_estimators": 938.7512586547929}, "datetime": {"datetime": "2020-09-08 21:18:50", "elapsed": 16559.149744, "delta": 1221.760562}}
{"target": 0.9932884158603802, "params": {"max_depth": 49.566189871562585, "max_features": 0.5024714523061994, "min_samples_leaf": 1.955260004107556, "min_samples_split": 23.241344231318564, "n_estimators": 1567.4231649537192}, "datetime": {"datetime": "2020-09-08 21:42:52", "elapsed": 18001.705756, "delta": 1442.556012}}
{"target": 0.9933953795496517, "params": {"max_depth": 48.07592113078246, "max_features": 0.6126417606481368, "min_samples_leaf": 4.0248733270329025, "min_samples_split": 2.2549583657404866, "n_estimators": 1019.5863695812845}, "datetime": {"datetime": "2020-09-08 22:01:09", "elapsed": 19099.021082, "delta": 1097.315326}}
