{"target": 0.9921641244573397, "params": {"max_depth": 13.618375267050153, "max_features": 0.6592757851648089, "min_samples_leaf": 2.750910956028458, "min_samples_split": 20.06324742541669, "n_estimators": 1669.9637121782052}, "datetime": {"datetime": "2020-09-09 14:52:48", "elapsed": 0.0, "delta": 0.0}}
{"target": 0.9923342450888889, "params": {"max_depth": 17.26666723771887, "max_features": 0.34854136537364394, "min_samples_leaf": 4.207488710140077, "min_samples_split": 24.03720513472522, "n_estimators": 1813.898952113142}, "datetime": {"datetime": "2020-09-09 14:52:48", "elapsed": 0.004722, "delta": 0.004722}}
{"target": 0.9932320955858349, "params": {"max_depth": 21.101777148104, "max_features": 0.5503946178455894, "min_samples_leaf": 3.733851740688545, "min_samples_split": 18.392146620606706, "n_estimators": 1055.3761321855923}, "datetime": {"datetime": "2020-09-09 14:52:48", "elapsed": 0.007053, "delta": 0.002331}}
{"target": 0.993407097126981, "params": {"max_depth": 30.253828372953123, "max_features": 0.552271765611721, "min_samples_leaf": 1.055073798362729, "min_samples_split": 19.775012297084604, "n_estimators": 1823.961785954175}, "datetime": {"datetime": "2020-09-09 14:52:48", "elapsed": 0.009373, "delta": 0.00232}}
{"target": 0.9935621528114899, "params": {"max_depth": 21.41986927556175, "max_features": 0.6532411644117109, "min_samples_leaf": 1.3015249665719062, "min_samples_split": 10.482952138045414, "n_estimators": 1899.7101529737824}, "datetime": {"datetime": "2020-09-09 14:52:48", "elapsed": 0.011562, "delta": 0.002189}}
{"target": 0.9935729179112416, "params": {"max_depth": 49.09908259561231, "max_features": 0.6610199266260687, "min_samples_leaf": 2.5233979791812646, "min_samples_split": 3.740835900525487, "n_estimators": 511.968794082463}, "datetime": {"datetime": "2020-09-09 14:52:48", "elapsed": 0.013786, "delta": 0.002224}}
{"target": 0.9719799931629352, "params": {"max_depth": 6.115283460032872, "max_features": 0.5957603910607258, "min_samples_leaf": 1.0198924772632796, "min_samples_split": 23.105691402901307, "n_estimators": 504.28873447683753}, "datetime": {"datetime": "2020-09-09 14:52:48", "elapsed": 0.015477, "delta": 0.001691}}
{"target": 0.9934602369661865, "params": {"max_depth": 49.26102339381207, "max_features": 0.7659191538801716, "min_samples_leaf": 3.3577931739614852, "min_samples_split": 2.202691403766749, "n_estimators": 1465.7619515139888}, "datetime": {"datetime": "2020-09-09 14:52:48", "elapsed": 0.017763, "delta": 0.002286}}
{"target": 0.9897332509029843, "params": {"max_depth": 48.4171148706259, "max_features": 0.1268371238291146, "min_samples_leaf": 3.997469263890478, "min_samples_split": 2.1152358307317303, "n_estimators": 798.4323148023259}, "datetime": {"datetime": "2020-09-09 14:52:48", "elapsed": 0.020194, "delta": 0.002431}}
{"target": 0.9932165380306347, "params": {"max_depth": 39.49511329380944, "max_features": 0.7975915840624432, "min_samples_leaf": 1.9495757879780338, "min_samples_split": 24.766893335157913, "n_estimators": 1997.9707435056189}, "datetime": {"datetime": "2020-09-09 14:52:48", "elapsed": 0.022501, "delta": 0.002307}}
{"target": 0.9912230133769627, "params": {"max_depth": 48.33487777196399, "max_features": 0.16659909527694772, "min_samples_leaf": 1.7527236552628147, "min_samples_split": 24.373122268761264, "n_estimators": 1145.0199831427522}, "datetime": {"datetime": "2020-09-09 14:52:48", "elapsed": 0.024909, "delta": 0.002408}}
{"target": 0.9719462812551132, "params": {"max_depth": 6.334106288337348, "max_features": 0.827508047998102, "min_samples_leaf": 1.1808985875716491, "min_samples_split": 2.043917796610843, "n_estimators": 1164.7812661396279}, "datetime": {"datetime": "2020-09-09 14:52:48", "elapsed": 0.027237, "delta": 0.002328}}
{"target": 0.9933334899395339, "params": {"max_depth": 48.4052676927252, "max_features": 0.48829185301498157, "min_samples_leaf": 4.509922655598523, "min_samples_split": 3.733881301642479, "n_estimators": 1709.3964461729304}, "datetime": {"datetime": "2020-09-09 14:52:48", "elapsed": 0.029521, "delta": 0.002284}}
{"target": 0.9931372030886298, "params": {"max_depth": 49.67154085786643, "max_features": 0.6000738607677727, "min_samples_leaf": 3.2876786673973952, "min_samples_split": 24.99151285393862, "n_estimators": 638.7620693938279}, "datetime": {"datetime": "2020-09-09 14:52:48", "elapsed": 0.031875, "delta": 0.002354}}
{"target": 0.9930987992168121, "params": {"max_depth": 48.88307681484265, "max_features": 0.7956058178202974, "min_samples_leaf": 3.384404482809425, "min_samples_split": 24.44355980635887, "n_estimators": 938.7512586547929}, "datetime": {"datetime": "2020-09-09 14:52:48", "elapsed": 0.034127, "delta": 0.002252}}
{"target": 0.9932884158603802, "params": {"max_depth": 49.566189871562585, "max_features": 0.5024714523061994, "min_samples_leaf": 1.955260004107556, "min_samples_split": 23.241344231318564, "n_estimators": 1567.4231649537192}, "datetime": {"datetime": "2020-09-09 14:52:48", "elapsed": 0.036406, "delta": 0.002279}}
{"target": 0.9933953795496517, "params": {"max_depth": 48.07592113078246, "max_features": 0.6126417606481368, "min_samples_leaf": 4.0248733270329025, "min_samples_split": 2.2549583657404866, "n_estimators": 1019.5863695812845}, "datetime": {"datetime": "2020-09-09 14:52:48", "elapsed": 0.038678, "delta": 0.002272}}
{"target": 0.9933953795496517, "params": {"max_depth": 48.07592113078246, "max_features": 0.6126417606481368, "min_samples_leaf": 4.0248733270329025, "min_samples_split": 2.2549583657404866, "n_estimators": 1019.5863695812845}, "datetime": {"datetime": "2020-09-09 14:52:48", "elapsed": 0.041314, "delta": 0.002636}}
{"target": 0.9933953795496517, "params": {"max_depth": 48.07592113078246, "max_features": 0.6126417606481368, "min_samples_leaf": 4.0248733270329025, "min_samples_split": 2.2549583657404866, "n_estimators": 1019.5863695812845}, "datetime": {"datetime": "2020-09-09 14:52:48", "elapsed": 0.04348, "delta": 0.002166}}
{"target": 0.9933953795496517, "params": {"max_depth": 48.07592113078246, "max_features": 0.6126417606481368, "min_samples_leaf": 4.0248733270329025, "min_samples_split": 2.2549583657404866, "n_estimators": 1019.5863695812845}, "datetime": {"datetime": "2020-09-09 14:52:48", "elapsed": 0.046138, "delta": 0.002658}}
{"target": 0.9933953795496517, "params": {"max_depth": 48.07592113078246, "max_features": 0.6126417606481368, "min_samples_leaf": 4.0248733270329025, "min_samples_split": 2.2549583657404866, "n_estimators": 1019.5863695812845}, "datetime": {"datetime": "2020-09-09 14:52:48", "elapsed": 0.048571, "delta": 0.002433}}
{"target": 0.9933953795496517, "params": {"max_depth": 48.07592113078246, "max_features": 0.6126417606481368, "min_samples_leaf": 4.0248733270329025, "min_samples_split": 2.2549583657404866, "n_estimators": 1019.5863695812845}, "datetime": {"datetime": "2020-09-09 14:52:48", "elapsed": 0.051201, "delta": 0.00263}}
{"target": 0.9602965153702934, "params": {"max_depth": 5.537116359401465, "max_features": 0.86035719849814, "min_samples_leaf": 1.4241778774263714, "min_samples_split": 6.775915292690291, "n_estimators": 1995.0728132271042}, "datetime": {"datetime": "2020-09-09 15:10:43", "elapsed": 1075.318178, "delta": 1075.266977}}
{"target": 0.9933554401937361, "params": {"max_depth": 49.55828538648728, "max_features": 0.5233817418219797, "min_samples_leaf": 4.995071294931591, "min_samples_split": 5.251977901495824, "n_estimators": 1964.185963850403}, "datetime": {"datetime": "2020-09-09 15:38:22", "elapsed": 2733.937598, "delta": 1658.61942}}
{"target": 0.9783895780037625, "params": {"max_depth": 7.561825679168188, "max_features": 0.5297553546896865, "min_samples_leaf": 4.321630202139207, "min_samples_split": 2.42145536735578, "n_estimators": 628.5752774752667}, "datetime": {"datetime": "2020-09-09 15:43:19", "elapsed": 3031.055527, "delta": 297.117929}}
{"target": 0.9928234677425208, "params": {"max_depth": 47.45197266029671, "max_features": 0.9465952728052452, "min_samples_leaf": 4.2528695862422765, "min_samples_split": 23.546439137221114, "n_estimators": 1898.1226207468908}, "datetime": {"datetime": "2020-09-09 16:25:58", "elapsed": 5589.688462, "delta": 2558.632935}}
{"target": 0.9543520405498416, "params": {"max_depth": 5.314862797363044, "max_features": 0.10838794858738168, "min_samples_leaf": 4.692080949308146, "min_samples_split": 2.530064878676024, "n_estimators": 1576.9020184712188}, "datetime": {"datetime": "2020-09-09 16:29:00", "elapsed": 5772.312294, "delta": 182.623832}}
{"target": 0.9919285770833426, "params": {"max_depth": 48.23847528475224, "max_features": 0.21767668302679005, "min_samples_leaf": 2.2550075080333873, "min_samples_split": 23.238233195565762, "n_estimators": 1346.6129531665201}, "datetime": {"datetime": "2020-09-09 16:37:19", "elapsed": 6271.018117, "delta": 498.705823}}
{"target": 0.9614017719294159, "params": {"max_depth": 5.539042389357573, "max_features": 0.6250170218636836, "min_samples_leaf": 1.1009614688029474, "min_samples_split": 2.0823794918408023, "n_estimators": 874.6059024861602}, "datetime": {"datetime": "2020-09-09 16:43:09", "elapsed": 6621.414076, "delta": 350.395959}}
{"target": 0.9924888929919071, "params": {"max_depth": 49.44057303776837, "max_features": 0.28585054211815203, "min_samples_leaf": 4.194099333465565, "min_samples_split": 23.06925354024584, "n_estimators": 1458.6454819652768}, "datetime": {"datetime": "2020-09-09 16:55:05", "elapsed": 7336.653392, "delta": 715.239316}}
{"target": 0.9934018328116754, "params": {"max_depth": 49.63128983999874, "max_features": 0.905763185558806, "min_samples_leaf": 1.1455349234328094, "min_samples_split": 2.720614093174611, "n_estimators": 678.6828709767141}, "datetime": {"datetime": "2020-09-09 17:10:11", "elapsed": 8242.902224, "delta": 906.248832}}
{"target": 0.9931135930989148, "params": {"max_depth": 46.843687940249026, "max_features": 0.7274874883339393, "min_samples_leaf": 3.4428009566170874, "min_samples_split": 24.00384886375779, "n_estimators": 732.1018166903968}, "datetime": {"datetime": "2020-09-09 17:23:38", "elapsed": 9050.117664, "delta": 807.21544}}
{"target": 0.9932905878694621, "params": {"max_depth": 48.56883023814147, "max_features": 0.5204413131953233, "min_samples_leaf": 1.2575937459692756, "min_samples_split": 23.53632902143954, "n_estimators": 1712.3171684825916}, "datetime": {"datetime": "2020-09-09 17:47:19", "elapsed": 10470.809442, "delta": 1420.691778}}
{"target": 0.9544559145516183, "params": {"max_depth": 5.123907052045655, "max_features": 0.12653349360833532, "min_samples_leaf": 1.2115131455674288, "min_samples_split": 4.525051392855872, "n_estimators": 1765.4023073735202}, "datetime": {"datetime": "2020-09-09 17:50:44", "elapsed": 10676.094021, "delta": 205.284579}}
{"target": 0.9935114537682515, "params": {"max_depth": 48.364236736711156, "max_features": 0.3576524735815658, "min_samples_leaf": 1.5213893675826102, "min_samples_split": 6.768770919680156, "n_estimators": 678.5830497338231}, "datetime": {"datetime": "2020-09-09 17:57:30", "elapsed": 11082.129032, "delta": 406.035011}}
{"target": 0.9904714118440703, "params": {"max_depth": 47.9216145977493, "max_features": 0.13292012528671276, "min_samples_leaf": 2.438692938771509, "min_samples_split": 2.8724132538585616, "n_estimators": 1962.3328127618788}, "datetime": {"datetime": "2020-09-09 18:06:51", "elapsed": 11643.162378, "delta": 561.033346}}
{"target": 0.993174975799253, "params": {"max_depth": 48.45471654225166, "max_features": 0.8645619764116873, "min_samples_leaf": 4.775818149083661, "min_samples_split": 2.337856937169942, "n_estimators": 1228.905737228022}, "datetime": {"datetime": "2020-09-09 18:33:21", "elapsed": 13233.407524, "delta": 1590.245146}}
{"target": 0.9931764046093164, "params": {"max_depth": 23.6310150341288, "max_features": 0.9116940667184791, "min_samples_leaf": 3.45051483510779, "min_samples_split": 8.84730135380375, "n_estimators": 1902.2089807445316}, "datetime": {"datetime": "2020-09-09 19:16:07", "elapsed": 15798.958526, "delta": 2565.551002}}
{"target": 0.9930779430649586, "params": {"max_depth": 49.071326936103176, "max_features": 0.409092531717724, "min_samples_leaf": 3.88082287680404, "min_samples_split": 21.332398174297953, "n_estimators": 1638.2233218246427}, "datetime": {"datetime": "2020-09-09 19:35:01", "elapsed": 16932.849699, "delta": 1133.891173}}
{"target": 0.9605042403290873, "params": {"max_depth": 5.487081529713128, "max_features": 0.8084870401765415, "min_samples_leaf": 4.518794211331516, "min_samples_split": 23.784436828556714, "n_estimators": 1286.1743981007367}, "datetime": {"datetime": "2020-09-09 19:45:54", "elapsed": 17585.960113, "delta": 653.110414}}
{"target": 0.9931261515890527, "params": {"max_depth": 49.72916112683567, "max_features": 0.9596587524707415, "min_samples_leaf": 2.08875687648349, "min_samples_split": 6.5477194289289455, "n_estimators": 682.8541852179305}, "datetime": {"datetime": "2020-09-09 20:02:02", "elapsed": 18553.632573, "delta": 967.67246}}
{"target": 0.9932126006216759, "params": {"max_depth": 48.975713430298576, "max_features": 0.2361457580101461, "min_samples_leaf": 1.406832498336911, "min_samples_split": 4.774172627489692, "n_estimators": 566.171527880614}, "datetime": {"datetime": "2020-09-09 20:06:24", "elapsed": 18815.755639, "delta": 262.123066}}
{"target": 0.9932008317484602, "params": {"max_depth": 49.34466982527204, "max_features": 0.5360479020424839, "min_samples_leaf": 2.28382047160526, "min_samples_split": 23.172613445226435, "n_estimators": 506.4216804369362}, "datetime": {"datetime": "2020-09-09 20:13:27", "elapsed": 19239.143502, "delta": 423.387863}}
{"target": 0.9887281475146956, "params": {"max_depth": 49.3309014973371, "max_features": 0.1354156903999526, "min_samples_leaf": 3.9299304758757527, "min_samples_split": 24.679649658338185, "n_estimators": 1040.6298801102002}, "datetime": {"datetime": "2020-09-09 20:17:49", "elapsed": 19500.928575, "delta": 261.785073}}
{"target": 0.9612038657056392, "params": {"max_depth": 5.41270343472512, "max_features": 0.6990524947014357, "min_samples_leaf": 2.103816904513125, "min_samples_split": 22.628202454498076, "n_estimators": 990.2463511003068}, "datetime": {"datetime": "2020-09-09 20:25:33", "elapsed": 19965.379181, "delta": 464.450606}}
{"target": 0.9933477079961943, "params": {"max_depth": 46.743772299969294, "max_features": 0.8553879209866415, "min_samples_leaf": 3.732155029077474, "min_samples_split": 3.226518571022075, "n_estimators": 681.4470253759202}, "datetime": {"datetime": "2020-09-09 20:40:04", "elapsed": 20836.309843, "delta": 870.930662}}
{"target": 0.9933284083311802, "params": {"max_depth": 44.743045017283805, "max_features": 0.46500091568551394, "min_samples_leaf": 4.693800982905264, "min_samples_split": 3.442588782677848, "n_estimators": 1111.8519042992189}, "datetime": {"datetime": "2020-09-09 20:54:49", "elapsed": 21721.099481, "delta": 884.789638}}
{"target": 0.991531377216769, "params": {"max_depth": 49.43703197225448, "max_features": 0.16389359127160164, "min_samples_leaf": 3.4786553450389346, "min_samples_split": 2.3958894606442724, "n_estimators": 887.201984224589}, "datetime": {"datetime": "2020-09-09 20:59:42", "elapsed": 22014.015803, "delta": 292.916322}}
{"target": 0.9932809166189345, "params": {"max_depth": 19.851995416036253, "max_features": 0.7826058218065783, "min_samples_leaf": 3.9808807151928423, "min_samples_split": 10.894484767546956, "n_estimators": 1902.397050763425}, "datetime": {"datetime": "2020-09-09 21:36:30", "elapsed": 24221.729675, "delta": 2207.713872}}
{"target": 0.9930423834212785, "params": {"max_depth": 47.73538403857137, "max_features": 0.5195887340898819, "min_samples_leaf": 4.9760704617304565, "min_samples_split": 24.322360671572756, "n_estimators": 1258.4769707632258}, "datetime": {"datetime": "2020-09-09 21:54:02", "elapsed": 25274.09151, "delta": 1052.361835}}
{"target": 0.9915965634218808, "params": {"max_depth": 48.28518612754309, "max_features": 0.22628927335167565, "min_samples_leaf": 4.72509158958424, "min_samples_split": 23.462953269692754, "n_estimators": 832.6027378789408}, "datetime": {"datetime": "2020-09-09 21:59:19", "elapsed": 25591.065847, "delta": 316.974337}}
{"target": 0.9934927590423087, "params": {"max_depth": 49.903627955816134, "max_features": 0.6319323274674618, "min_samples_leaf": 3.734823913447583, "min_samples_split": 3.5355686568349722, "n_estimators": 1295.1522817825962}, "datetime": {"datetime": "2020-09-09 22:20:36", "elapsed": 26867.7735, "delta": 1276.707653}}
