{"target": 0.9809505147199453, "params": {"colsample": 0.5336176037620592, "gamma": 3.6016224672107904, "learning_rate": 0.010113231069171438, "max_depth": 5.116328008422879, "n_estimators": 305.45824714395826, "subsample": 0.2738708758150383}, "datetime": {"datetime": "2020-09-29 15:12:54", "elapsed": 0.0, "delta": 0.0}}
{"target": 0.9934948135947081, "params": {"colsample": 0.3490081691021367, "gamma": 1.7278036352152388, "learning_rate": 0.40279979948836325, "max_depth": 6.771717138023499, "n_estimators": 686.8723201646127, "subsample": 0.7481756003174076}, "datetime": {"datetime": "2020-09-29 15:16:01", "elapsed": 186.36478, "delta": 186.36478}}
{"target": 0.9930967000102549, "params": {"colsample": 0.36356179978521397, "gamma": 4.390587181954727, "learning_rate": 0.0371137172659469, "max_depth": 7.693272571248816, "n_estimators": 684.2267233139778, "subsample": 0.6469518627566013}, "datetime": {"datetime": "2020-09-29 15:20:06", "elapsed": 431.297175, "delta": 244.932395}}
{"target": 0.9924087616479536, "params": {"colsample": 0.31230955087618706, "gamma": 0.990507445424394, "learning_rate": 0.8027371229887813, "max_depth": 9.777831030035783, "n_estimators": 538.79384942294, "subsample": 0.7538580925354512}, "datetime": {"datetime": "2020-09-29 15:24:08", "elapsed": 673.649534, "delta": 242.352359}}
{"target": 0.9881209494085617, "params": {"colsample": 0.9011113218368307, "gamma": 4.473033317519237, "learning_rate": 0.09419376925608013, "max_depth": 3.2733834826301766, "n_estimators": 337.76258739039645, "subsample": 0.9025140027435306}, "datetime": {"datetime": "2020-09-29 15:25:00", "elapsed": 725.498137, "delta": 51.848603}}
{"target": 0.9914628445473446, "params": {"colsample": 0.2949463693485684, "gamma": 4.100702035393453, "learning_rate": 0.11803327553004664, "max_depth": 4.852075557877283, "n_estimators": 1499.8075374461102, "subsample": 0.5745495634864854}, "datetime": {"datetime": "2020-09-29 15:29:44", "elapsed": 1009.980561, "delta": 284.482424}}
{"target": 0.9862453063010463, "params": {"colsample": 0.6063378171460219, "gamma": 4.493837162915617, "learning_rate": 0.01870001689595249, "max_depth": 3.068276287493507, "n_estimators": 1205.372714500324, "subsample": 0.9226863364926308}, "datetime": {"datetime": "2020-09-29 15:32:52", "elapsed": 1197.873469, "delta": 187.892908}}
{"target": 0.9895288455217608, "params": {"colsample": 0.786379729745226, "gamma": 4.870950800160892, "learning_rate": 0.852786320997325, "max_depth": 3.0236447152590125, "n_estimators": 591.9710933088826, "subsample": 0.614039883950982}, "datetime": {"datetime": "2020-09-29 15:34:17", "elapsed": 1282.80011, "delta": 84.926641}}
{"target": 0.9922337838540058, "params": {"colsample": 0.9905268841638044, "gamma": 0.3843519958667335, "learning_rate": 0.9061710408536409, "max_depth": 9.9810108219475, "n_estimators": 951.1586169452391, "subsample": 0.28590608465181355}, "datetime": {"datetime": "2020-09-29 15:41:08", "elapsed": 1693.700418, "delta": 410.900308}}
{"target": 0.9936068305456711, "params": {"colsample": 0.5418574060018759, "gamma": 0.43337079334351103, "learning_rate": 0.4366272566382928, "max_depth": 9.830314432935722, "n_estimators": 1499.9520958631406, "subsample": 0.610090271899113}, "datetime": {"datetime": "2020-09-29 15:50:58", "elapsed": 2284.032278, "delta": 590.33186}}
{"target": 0.9943078793649262, "params": {"colsample": 0.6407432852795455, "gamma": 0.4862427365994554, "learning_rate": 0.16542622066120036, "max_depth": 9.992954623681428, "n_estimators": 722.131727600363, "subsample": 0.9815936412521598}, "datetime": {"datetime": "2020-09-29 15:55:58", "elapsed": 2583.521817, "delta": 299.489539}}
{"target": 0.9936237676509129, "params": {"colsample": 0.48664845257971695, "gamma": 0.06842938469850846, "learning_rate": 0.41519727264552486, "max_depth": 9.616819155545054, "n_estimators": 754.8629379806298, "subsample": 0.7803097985278282}, "datetime": {"datetime": "2020-09-29 16:01:03", "elapsed": 2888.767689, "delta": 305.245872}}
{"target": 0.9936113582578512, "params": {"colsample": 0.20224655272292402, "gamma": 4.871608563432667, "learning_rate": 0.3719221568504013, "max_depth": 9.856763718551747, "n_estimators": 709.9490109811559, "subsample": 0.29082931858635414}, "datetime": {"datetime": "2020-09-29 16:05:34", "elapsed": 3160.041192, "delta": 271.273503}}
{"target": 0.9942237930621817, "params": {"colsample": 0.4684127569539527, "gamma": 0.09241779029586283, "learning_rate": 0.09429062742531813, "max_depth": 9.913707357753719, "n_estimators": 710.5786640604829, "subsample": 0.7002878011046882}, "datetime": {"datetime": "2020-09-29 16:11:27", "elapsed": 3512.964219, "delta": 352.923027}}
{"target": 0.9942781084372281, "params": {"colsample": 0.9276966250668024, "gamma": 0.29812315981192217, "learning_rate": 0.12139002116736444, "max_depth": 9.975640477476205, "n_estimators": 739.7665885111745, "subsample": 0.7912927927125595}, "datetime": {"datetime": "2020-09-29 16:16:27", "elapsed": 3812.870522, "delta": 299.906303}}
{"target": 0.9931237300971147, "params": {"colsample": 0.49205778629876884, "gamma": 0.036914888575830807, "learning_rate": 0.5803380947527405, "max_depth": 9.967913776617888, "n_estimators": 751.5844478776163, "subsample": 0.6392369801411013}, "datetime": {"datetime": "2020-09-29 16:21:24", "elapsed": 4109.931512, "delta": 297.06099}}
{"target": 0.9940388591167937, "params": {"colsample": 0.6892622388965934, "gamma": 1.6555844002447122, "learning_rate": 0.2999105639890134, "max_depth": 9.865881810592247, "n_estimators": 1499.4163661706407, "subsample": 0.6710527555513957}, "datetime": {"datetime": "2020-09-29 16:30:27", "elapsed": 4652.556849, "delta": 542.625337}}
{"target": 0.9922157493811481, "params": {"colsample": 0.20304039817674158, "gamma": 4.92030223804605, "learning_rate": 0.9095348247007877, "max_depth": 9.971070249271953, "n_estimators": 699.1352164894695, "subsample": 0.44082171101424594}, "datetime": {"datetime": "2020-09-29 16:35:21", "elapsed": 4946.914914, "delta": 294.358065}}
{"target": 0.9943556052345878, "params": {"colsample": 0.9957744037475587, "gamma": 0.026593926111859734, "learning_rate": 0.0422395062145859, "max_depth": 9.951844834274915, "n_estimators": 667.9116934791391, "subsample": 0.6766247350571675}, "datetime": {"datetime": "2020-09-29 16:40:58", "elapsed": 5283.402465, "delta": 336.487551}}
{"target": 0.9938114370091193, "params": {"colsample": 0.9677519281520282, "gamma": 1.0881969762065702, "learning_rate": 0.3990278447083197, "max_depth": 9.76425627001587, "n_estimators": 1498.5252090671895, "subsample": 0.9326458192582103}, "datetime": {"datetime": "2020-09-29 16:50:26", "elapsed": 5852.131825, "delta": 568.72936}}
{"target": 0.9940485637321399, "params": {"colsample": 0.6875004210348906, "gamma": 0.10735163798512193, "learning_rate": 0.21471638777342392, "max_depth": 9.73234449353264, "n_estimators": 639.057621639723, "subsample": 0.7898556593482946}, "datetime": {"datetime": "2020-09-29 16:55:10", "elapsed": 6135.51122, "delta": 283.379395}}
{"target": 0.9923413741489907, "params": {"colsample": 0.8834620992034872, "gamma": 0.117903674203102, "learning_rate": 0.8984313394491492, "max_depth": 9.8410705199822, "n_estimators": 1495.0047199482067, "subsample": 0.5940386384094207}, "datetime": {"datetime": "2020-09-29 17:05:32", "elapsed": 6757.503363, "delta": 621.992143}}
{"target": 0.9933864899484286, "params": {"colsample": 0.9946381784192988, "gamma": 0.06944747566884013, "learning_rate": 0.4758882185085019, "max_depth": 9.840756316427349, "n_estimators": 604.5659793111287, "subsample": 0.2241250983733802}, "datetime": {"datetime": "2020-09-29 17:10:01", "elapsed": 7026.413219, "delta": 268.909856}}
{"target": 0.993809581247615, "params": {"colsample": 0.7799838900914178, "gamma": 0.10695826524613872, "learning_rate": 0.36412469311194934, "max_depth": 9.837528114077157, "n_estimators": 729.095215280871, "subsample": 0.9714998924208591}, "datetime": {"datetime": "2020-09-29 17:15:15", "elapsed": 7340.261887, "delta": 313.848668}}
{"target": 0.9935171070173252, "params": {"colsample": 0.8956777944745788, "gamma": 0.0007064019931896093, "learning_rate": 0.28898227624890993, "max_depth": 9.858640342820852, "n_estimators": 777.3726601074218, "subsample": 0.2511076707868532}, "datetime": {"datetime": "2020-09-29 17:21:44", "elapsed": 7729.986137, "delta": 389.72425}}
